<?xml version="1.0" encoding="UTF-8"?>
<testsuite name="com.micro_service.regression.movies.TestDirectorNameIsNull" tests="1" skipped="0" failures="0" errors="0" timestamp="2019-08-18T20:22:13" hostname="Users-MacBook-Pro.local" time="0.038">
  <properties/>
  <testcase name="findLanguageIsNullProcedure1()" classname="com.micro_service.regression.movies.TestDirectorNameIsNull" time="0.038"/>
  <system-out><![CDATA[language is null for title: Rosemary's Baby
language is null for title: Amadeus
language is null for title: No Country for Old Men
]]></system-out>
  <system-err><![CDATA[]]></system-err>
</testsuite>
