<?xml version="1.0" encoding="UTF-8"?>
<testsuite name="com.micro_service.regression.countries.TestNullValuesForCountryNamesAndDensity" tests="2" skipped="0" failures="0" errors="0" timestamp="2019-09-13T16:53:13" hostname="Users-MacBook-Pro.local" time="0.005">
  <properties/>
  <testcase name="testCountryNamesWithPopulationDensityAsNotNull()" classname="com.micro_service.regression.countries.TestNullValuesForCountryNamesAndDensity" time="0.003"/>
  <testcase name="testCountriesList()" classname="com.micro_service.regression.countries.TestNullValuesForCountryNamesAndDensity" time="0.001"/>
  <system-out><![CDATA[]]></system-out>
  <system-err><![CDATA[]]></system-err>
</testsuite>
