<?xml version="1.0" encoding="UTF-8"?>
<testsuite name="com.microservice.regression.countries.TestCountryNameStartsWithLetterZ" tests="6" skipped="0" failures="0" errors="0" timestamp="2020-11-03T16:21:29" hostname="anurags-MacBook-Air.local" time="25.111">
  <properties/>
  <testcase name="testCountriesTotalCountThatStartsWithLetterZUsingCount()" classname="com.microservice.regression.countries.TestCountryNameStartsWithLetterZ" time="0.014"/>
  <testcase name="testCountriesThatStartsWithLetterUsingAnyMatch()" classname="com.microservice.regression.countries.TestCountryNameStartsWithLetterZ" time="0.006"/>
  <testcase name="testCountriesStartWithLetterZAndDoStringManipulation()" classname="com.microservice.regression.countries.TestCountryNameStartsWithLetterZ" time="0.008"/>
  <testcase name="testCountriesListThatStartsWithLetterZProcedure1()" classname="com.microservice.regression.countries.TestCountryNameStartsWithLetterZ" time="0.003"/>
  <testcase name="testCountriesListThatStartsWithLetterZProcedure2()" classname="com.microservice.regression.countries.TestCountryNameStartsWithLetterZ" time="0.016"/>
  <testcase name="testCountriesListThatStartsWithLetterZProcedure3()" classname="com.microservice.regression.countries.TestCountryNameStartsWithLetterZ" time="0.012"/>
  <system-out><![CDATA[]]></system-out>
  <system-err><![CDATA[]]></system-err>
</testsuite>
