<?xml version="1.0" encoding="UTF-8"?>
<testsuite name="com.micro_service.regression.movies.TestLanguageIsNullForAMovie" tests="2" skipped="0" failures="0" errors="0" timestamp="2019-09-17T19:14:47" hostname="Users-MacBook-Pro.local" time="0.054">
  <properties/>
  <testcase name="findLanguageIsNullProcedure1()" classname="com.micro_service.regression.movies.TestLanguageIsNullForAMovie" time="0.049"/>
  <testcase name="findLanguageIsNullProcedure2()" classname="com.micro_service.regression.movies.TestLanguageIsNullForAMovie" time="0.005"/>
  <system-out><![CDATA[]]></system-out>
  <system-err><![CDATA[]]></system-err>
</testsuite>
