<?xml version="1.0" encoding="UTF-8"?>
<testsuite name="com.micro_service.regression.countries.TestCountryNameStartsWithLetterZ" tests="6" skipped="0" failures="0" errors="0" timestamp="2019-09-17T19:10:51" hostname="Users-MacBook-Pro.local" time="0.071">
  <properties/>
  <testcase name="testCountriesTotalCountThatStartsWithLetterZUsingCount()" classname="com.micro_service.regression.countries.TestCountryNameStartsWithLetterZ" time="0.04"/>
  <testcase name="testCountriesThatStartsWithLetterUsingAnyMatch()" classname="com.micro_service.regression.countries.TestCountryNameStartsWithLetterZ" time="0.004"/>
  <testcase name="testCountriesStartWithLetterZAndDoStringManipulation()" classname="com.micro_service.regression.countries.TestCountryNameStartsWithLetterZ" time="0.012"/>
  <testcase name="testCountriesListThatStartsWithLetterZProcedure1()" classname="com.micro_service.regression.countries.TestCountryNameStartsWithLetterZ" time="0.002"/>
  <testcase name="testCountriesListThatStartsWithLetterZProcedure2()" classname="com.micro_service.regression.countries.TestCountryNameStartsWithLetterZ" time="0.004"/>
  <testcase name="testCountriesListThatStartsWithLetterZProcedure3()" classname="com.micro_service.regression.countries.TestCountryNameStartsWithLetterZ" time="0.004"/>
  <system-out><![CDATA[]]></system-out>
  <system-err><![CDATA[]]></system-err>
</testsuite>
