<?xml version="1.0" encoding="UTF-8"?>
<testsuite name="com.micro_service.regression.countries.TestCountriesByContinent" tests="1" skipped="1" failures="0" errors="0" timestamp="2019-08-25T15:35:16" hostname="Users-MacBook-Pro.local" time="21.667">
  <properties/>
  <testcase name="testCountriesCountForAlContinents()" classname="com.micro_service.regression.countries.TestCountriesByContinent" time="21.667">
    <skipped/>
  </testcase>
  <system-out><![CDATA[]]></system-out>
  <system-err><![CDATA[]]></system-err>
</testsuite>
