<?xml version="1.0" encoding="UTF-8"?>
<testsuite name="com.micro_service.regression.movies.TestMovieBudgetAndBoxOffice" tests="1" skipped="0" failures="0" errors="0" timestamp="2019-08-23T01:38:17" hostname="l0t570r90qkagd.na.rccl.com" time="0.001">
  <properties/>
  <testcase name="testBudgetAndBoxOfficeAreNullOrEmptyForMovies()" classname="com.micro_service.regression.movies.TestMovieBudgetAndBoxOffice" time="0.001"/>
  <system-out><![CDATA[]]></system-out>
  <system-err><![CDATA[]]></system-err>
</testsuite>
