<?xml version="1.0" encoding="UTF-8"?>
<testsuite name="com.micro_service.regression.countries.TestCountryNameStartsWithLetterZ" tests="6" skipped="0" failures="0" errors="0" timestamp="2019-09-13T16:53:13" hostname="Users-MacBook-Pro.local" time="0.012">
  <properties/>
  <testcase name="testCountriesTotalCountThatStartsWithLetterZUsingCount()" classname="com.micro_service.regression.countries.TestCountryNameStartsWithLetterZ" time="0.001"/>
  <testcase name="testCountriesThatStartsWithLetterUsingAnyMatch()" classname="com.micro_service.regression.countries.TestCountryNameStartsWithLetterZ" time="0.002"/>
  <testcase name="testCountriesStartWithLetterZAndDoStringManipulation()" classname="com.micro_service.regression.countries.TestCountryNameStartsWithLetterZ" time="0.003"/>
  <testcase name="testCountriesListThatStartsWithLetterZProcedure1()" classname="com.micro_service.regression.countries.TestCountryNameStartsWithLetterZ" time="0.002"/>
  <testcase name="testCountriesListThatStartsWithLetterZProcedure2()" classname="com.micro_service.regression.countries.TestCountryNameStartsWithLetterZ" time="0.002"/>
  <testcase name="testCountriesListThatStartsWithLetterZProcedure3()" classname="com.micro_service.regression.countries.TestCountryNameStartsWithLetterZ" time="0.002"/>
  <system-out><![CDATA[]]></system-out>
  <system-err><![CDATA[]]></system-err>
</testsuite>
