<?xml version="1.0" encoding="UTF-8"?>
<testsuite name="com.microservice.regression.movies.TestLanguageIsNullForAMovie" tests="2" skipped="0" failures="0" errors="0" timestamp="2019-09-30T01:45:21" hostname="MNLPF0WKEUAT470.chn.rccl.com" time="0.005">
  <properties/>
  <testcase name="findLanguageIsNullProcedure1()" classname="com.microservice.regression.movies.TestLanguageIsNullForAMovie" time="0.002"/>
  <testcase name="findLanguageIsNullProcedure2()" classname="com.microservice.regression.movies.TestLanguageIsNullForAMovie" time="0.002"/>
  <system-out><![CDATA[]]></system-out>
  <system-err><![CDATA[]]></system-err>
</testsuite>
