<?xml version="1.0" encoding="UTF-8"?>
<testsuite name="com.microservice.regression.movies.MovieTitleAndActors" tests="2" skipped="0" failures="0" errors="0" timestamp="2020-11-03T16:20:39" hostname="anurags-MacBook-Air.local" time="5.02">
  <properties/>
  <testcase name="testMovieTitleAndActorsProcedure1()" classname="com.microservice.regression.movies.MovieTitleAndActors" time="0.008"/>
  <testcase name="testMovieTitleAndActorsProcedure2()" classname="com.microservice.regression.movies.MovieTitleAndActors" time="0.005"/>
  <system-out><![CDATA[]]></system-out>
  <system-err><![CDATA[]]></system-err>
</testsuite>
