<?xml version="1.0" encoding="UTF-8"?>
<testsuite name="com.micro_service.regression.movies.TestLanguageIsNullForAMovie" tests="2" skipped="0" failures="0" errors="0" timestamp="2019-09-13T16:53:13" hostname="Users-MacBook-Pro.local" time="0.005">
  <properties/>
  <testcase name="findLanguageIsNullProcedure1()" classname="com.micro_service.regression.movies.TestLanguageIsNullForAMovie" time="0.002"/>
  <testcase name="findLanguageIsNullProcedure2()" classname="com.micro_service.regression.movies.TestLanguageIsNullForAMovie" time="0.003"/>
  <system-out><![CDATA[]]></system-out>
  <system-err><![CDATA[]]></system-err>
</testsuite>
