<?xml version="1.0" encoding="UTF-8"?>
<testsuite name="com.micro_service.regression.countries.TestCountriesByContinent" tests="1" skipped="0" failures="0" errors="0" timestamp="2019-08-25T15:23:41" hostname="Users-MacBook-Pro.local" time="0.039">
  <properties/>
  <testcase name="test()" classname="com.micro_service.regression.countries.TestCountriesByContinent" time="0.039"/>
  <system-out><![CDATA[-
]]></system-out>
  <system-err><![CDATA[]]></system-err>
</testsuite>
