<?xml version="1.0" encoding="UTF-8"?>
<testsuite name="com.micro_service.datastructures.sort.BubbleSort" tests="1" skipped="0" failures="0" errors="0" timestamp="2019-09-13T16:53:13" hostname="Users-MacBook-Pro.local" time="0.043">
  <properties/>
  <testcase name="testBubbleSort()" classname="com.micro_service.datastructures.sort.BubbleSort" time="0.043"/>
  <system-out><![CDATA[]]></system-out>
  <system-err><![CDATA[Elements: 101, 16 not in order at index=1 
Elements: 101, 16 not in order at index=1 
]]></system-err>
</testsuite>
