<?xml version="1.0" encoding="UTF-8"?>
<testsuite name="com.microservice.regression.movies.TestLanguageIsNullForAMovie" tests="2" skipped="0" failures="0" errors="0" timestamp="2020-11-03T16:20:24" hostname="anurags-MacBook-Air.local" time="5.153">
  <properties/>
  <testcase name="findLanguageIsNullProcedure1()" classname="com.microservice.regression.movies.TestLanguageIsNullForAMovie" time="0.143"/>
  <testcase name="findLanguageIsNullProcedure2()" classname="com.microservice.regression.movies.TestLanguageIsNullForAMovie" time="0.004"/>
  <system-out><![CDATA[]]></system-out>
  <system-err><![CDATA[]]></system-err>
</testsuite>
