<?xml version="1.0" encoding="UTF-8"?>
<testsuite name="com.microservice.regression.movies.TestMoviesReleasedLessThan40Years" tests="1" skipped="0" failures="0" errors="0" timestamp="2020-11-03T16:20:34" hostname="anurags-MacBook-Air.local" time="0.103">
  <properties/>
  <testcase name="testTotalCountOfMoviesReleasedLessThan40YearsFromCurrentYear()" classname="com.microservice.regression.movies.TestMoviesReleasedLessThan40Years" time="0.103"/>
  <system-out><![CDATA[movieTitle: Amadeus was released 36 year ago
movieTitle: No Country for Old Men was released 15 year ago
movieTitle: El secreto de sus ojos was released 11 year ago
movieTitle: Casino was released 25 year ago
There are 4 movies released 40 years ago
]]></system-out>
  <system-err><![CDATA[]]></system-err>
</testsuite>
