<?xml version="1.0" encoding="UTF-8"?>
<testsuite name="com.microservice.regression.movies.TestMoviesReleasedLessThan40Years" tests="1" skipped="0" failures="0" errors="0" timestamp="2019-09-30T01:45:21" hostname="MNLPF0WKEUAT470.chn.rccl.com" time="0.025">
  <properties/>
  <testcase name="testTotalCountOfMoviesReleasedLessThan40YearsFromCurrentYear()" classname="com.microservice.regression.movies.TestMoviesReleasedLessThan40Years" time="0.025"/>
  <system-out><![CDATA[movieTitle: Amadeus was released 35 year ago
movieTitle: No Country for Old Men was released 14 year ago
movieTitle: El secreto de sus ojos was released 10 year ago
movieTitle: Casino was released 24 year ago
There are 4 movies released 40 years ago
]]></system-out>
  <system-err><![CDATA[]]></system-err>
</testsuite>
