<?xml version="1.0" encoding="UTF-8"?>
<testsuite name="com.micro_service.regression.movies.TestLanguageIsNullForAMovie" tests="2" skipped="0" failures="0" errors="0" timestamp="2019-08-23T01:38:16" hostname="l0t570r90qkagd.na.rccl.com" time="0.026">
  <properties/>
  <testcase name="findLanguageIsNullProcedure1()" classname="com.micro_service.regression.movies.TestLanguageIsNullForAMovie" time="0.022"/>
  <testcase name="findLanguageIsNullProcedure2()" classname="com.micro_service.regression.movies.TestLanguageIsNullForAMovie" time="0.003"/>
  <system-out><![CDATA[]]></system-out>
  <system-err><![CDATA[]]></system-err>
</testsuite>
