<?xml version="1.0" encoding="UTF-8"?>
<testsuite name="com.micro_service.regression.movies.TestMoviesReleasedAfter1980" tests="1" skipped="0" failures="0" errors="0" timestamp="2019-08-24T21:56:02" hostname="Users-MacBook-Pro.local" time="0.055">
  <properties/>
  <testcase name="get()" classname="com.micro_service.regression.movies.TestMoviesReleasedAfter1980" time="0.055"/>
  <system-out><![CDATA[
]]></system-out>
  <system-err><![CDATA[]]></system-err>
</testsuite>
