<?xml version="1.0" encoding="UTF-8"?>
<testsuite name="com.micro_service.regression.menus.SectionName" tests="1" skipped="0" failures="0" errors="0" timestamp="2019-08-18T15:43:26" hostname="Users-MacBook-Pro.local" time="0.044">
  <properties/>
  <testcase name="findMenuSectionNameIsNullProcedure1()" classname="com.micro_service.regression.menus.SectionName" time="0.044"/>
  <system-out><![CDATA[]]></system-out>
  <system-err><![CDATA[]]></system-err>
</testsuite>
