<?xml version="1.0" encoding="UTF-8"?>
<testsuite name="com.micro_service.datastructures.sort.MergeSort" tests="1" skipped="0" failures="0" errors="0" timestamp="2019-09-13T16:53:13" hostname="Users-MacBook-Pro.local" time="0.003">
  <properties/>
  <testcase name="mergeSort()" classname="com.micro_service.datastructures.sort.MergeSort" time="0.003"/>
  <system-out><![CDATA[
]]></system-out>
  <system-err><![CDATA[]]></system-err>
</testsuite>
