<?xml version="1.0" encoding="UTF-8"?>
<testsuite name="com.microservice.regression.movies.TestDirectorAndProducerAreSame" tests="1" skipped="0" failures="0" errors="0" timestamp="2020-11-03T16:20:49" hostname="anurags-MacBook-Air.local" time="0.022">
  <properties/>
  <testcase name="testDirectorAndProducerAreSameForAMovie()" classname="com.microservice.regression.movies.TestDirectorAndProducerAreSame" time="0.022"/>
  <system-out><![CDATA[Director: Joel Coen is also a Producer for a movie: No Country for Old Men
Director: Ethan Coen is also a Producer for a movie: No Country for Old Men
Director: Juan José Campanella is also a Producer for a movie: El secreto de sus ojos
Director: Joel Coen is also a Producer for a movie: No Country for Old Men
Director: Ethan Coen is also a Producer for a movie: No Country for Old Men
Director: Juan José Campanella is also a Producer for a movie: El secreto de sus ojos
]]></system-out>
  <system-err><![CDATA[]]></system-err>
</testsuite>
