<?xml version="1.0" encoding="UTF-8"?>
<testsuite name="com.microservice.regression.countries.TestCountryAndPopulationDensityCount" tests="2" skipped="0" failures="0" errors="0" timestamp="2020-11-03T16:21:09" hostname="anurags-MacBook-Air.local" time="5.021">
  <properties/>
  <testcase name="testTotalCountriesCountWithDensityAsNotNull()" classname="com.microservice.regression.countries.TestCountryAndPopulationDensityCount" time="0.004"/>
  <testcase name="testTotalCountriesCountWithDensityAsNull()" classname="com.microservice.regression.countries.TestCountryAndPopulationDensityCount" time="0.011"/>
  <system-out><![CDATA[]]></system-out>
  <system-err><![CDATA[]]></system-err>
</testsuite>
