<?xml version="1.0" encoding="UTF-8"?>
<testsuite name="com.micro_service.regression.movies.TestMoviesReleasedLessThan40Years" tests="1" skipped="0" failures="0" errors="0" timestamp="2019-08-24T20:53:20" hostname="Users-MacBook-Pro.local" time="1.944">
  <properties/>
  <testcase name="testTotalCountOfMoviesReleasedLessThan40YearsFromCurrentYear()" classname="com.micro_service.regression.movies.TestMoviesReleasedLessThan40Years" time="1.944"/>
  <system-out><![CDATA[movieTitle: Amadeus was released 35 year ago
movieTitle: No Country for Old Men was released 14 year ago
movieTitle: El secreto de sus ojos was released 10 year ago
There are 3 movies released 40 years ago
]]></system-out>
  <system-err><![CDATA[]]></system-err>
</testsuite>
