<?xml version="1.0" encoding="UTF-8"?>
<testsuite name="com.micro_service.regression.TestMovieBudgetAndBoxOffice" tests="1" skipped="0" failures="0" errors="0" timestamp="2019-08-23T01:35:29" hostname="l0t570r90qkagd.na.rccl.com" time="0.023">
  <properties/>
  <testcase name="testBudgetAndBoxOfficeAreNullOrEmptyForMovies()" classname="com.micro_service.regression.TestMovieBudgetAndBoxOffice" time="0.023"/>
  <system-out><![CDATA[]]></system-out>
  <system-err><![CDATA[]]></system-err>
</testsuite>
