<?xml version="1.0" encoding="UTF-8"?>
<testsuite name="com.micro_service.regression.countries.TestPopulationDensityPerCountry" tests="1" skipped="1" failures="0" errors="0" timestamp="2019-09-13T16:19:46" hostname="Users-MacBook-Pro.local" time="8.45">
  <properties/>
  <testcase name="testTotalCountForCountryByContinentAndCountryByDensityProcedure2()" classname="com.micro_service.regression.countries.TestPopulationDensityPerCountry" time="8.45">
    <skipped/>
  </testcase>
  <system-out><![CDATA[]]></system-out>
  <system-err><![CDATA[]]></system-err>
</testsuite>
