<?xml version="1.0" encoding="UTF-8"?>
<testsuite name="com.microservice.datastructures.sort.SelectionSort" tests="1" skipped="0" failures="0" errors="0" timestamp="2020-11-03T16:20:19" hostname="anurags-MacBook-Air.local" time="0.084">
  <properties/>
  <testcase name="testBubbleSort()" classname="com.microservice.datastructures.sort.SelectionSort" time="0.084"/>
  <system-out><![CDATA[]]></system-out>
  <system-err><![CDATA[]]></system-err>
</testsuite>
